<?xml version="1.0" encoding="UTF-8"?>
<!-- Generated by org.testng.reporters.JUnitReportReporter -->
<testsuite hostname="DESKTOP-NBU3CPP" failures="1" tests="1" name="tests.MyProfileTests" time="188.343" errors="0" timestamp="29 Oct 2020 03:05:42 GMT">
  <testcase classname="tests.MyProfileTests" name="otherFunding_addData" time="188.343">
    <failure message="Cannot identify the object &quot;Web EditField&quot;.
Verify that this object&#039;s properties match an object currently displayed in your application." type="com.hp.lft.sdk.ReplayObjectNotFoundException">
      <![CDATA[com.hp.lft.sdk.ReplayObjectNotFoundException: Cannot identify the object "Web EditField".
Verify that this object's properties match an object currently displayed in your application.
	at com.hp.lft.sdk.internal.ReplayExceptionFactory$1.create(ReplayExceptionFactory.java:35)
	at com.hp.lft.sdk.internal.ReplayExceptionFactory.createOrDefault(ReplayExceptionFactory.java:289)
	at com.hp.lft.sdk.internal.ReplayExceptionFactory.createOrDefault(ReplayExceptionFactory.java:22)
	at com.hp.lft.sdk.internal.TestObjectExecuterBehaviorBase$ReplayErrorHandler.onError(TestObjectExecuterBehaviorBase.java:65)
	at com.hp.lft.sdk.internal.CommunicationClientImpl.handleError(CommunicationClientImpl.java:222)
	at com.hp.lft.sdk.internal.CommunicationClientImpl.send(CommunicationClientImpl.java:96)
	at com.hp.lft.sdk.internal.TestObjectExecuterBehavior.executeMethod(TestObjectExecuter.java:44)
	at com.hp.lft.sdk.internal.TestObjectBase.executeMethod(TestObjectBase.java:128)
	at com.hp.lft.sdk.internal.TestObjectBase.getRealObjectProperty(TestObjectBase.java:133)
	at com.hp.lft.sdk.internal.web.WebElementImpl.access$1900(WebElementImpl.java:7)
	at com.hp.lft.sdk.internal.web.WebElementImpl$23.invoke(WebElementImpl.java:325)
	at com.hp.lft.sdk.internal.web.WebElementImpl$23.invoke(WebElementImpl.java:322)
	at com.hp.lft.sdk.internal.TestObjectOperationWrapper.executeWithEvents(TestObjectOperationWrapper.java:120)
	at com.hp.lft.sdk.internal.web.WebElementImpl.isEnabled(WebElementImpl.java:329)
	at library.BasePage.waitForElement(BasePage.java:84)
	at library.BasePage.verifyText(BasePage.java:103)
	at apppages.profile.OtherFundingTab.verifyUpdatedData(OtherFundingTab.java:83)
	at tests.MyProfileTests.otherFunding_addData(MyProfileTests.java:27)
	at java.base/jdk.internal.reflect.NativeMethodAccessorImpl.invoke0(Native Method)
	at java.base/jdk.internal.reflect.NativeMethodAccessorImpl.invoke(NativeMethodAccessorImpl.java:62)
	at java.base/jdk.internal.reflect.DelegatingMethodAccessorImpl.invoke(DelegatingMethodAccessorImpl.java:43)
	at java.base/java.lang.reflect.Method.invoke(Method.java:567)
	at org.testng.internal.MethodInvocationHelper.invokeMethod(MethodInvocationHelper.java:80)
	at org.testng.internal.Invoker.invokeMethod(Invoker.java:714)
	at org.testng.internal.Invoker.invokeTestMethod(Invoker.java:901)
	at org.testng.internal.Invoker.invokeTestMethods(Invoker.java:1231)
	at org.testng.internal.TestMethodWorker.invokeTestMethods(TestMethodWorker.java:127)
	at org.testng.internal.TestMethodWorker.run(TestMethodWorker.java:111)
	at org.testng.TestRunner.privateRun(TestRunner.java:767)
	at org.testng.TestRunner.run(TestRunner.java:617)
	at org.testng.SuiteRunner.runTest(SuiteRunner.java:334)
	at org.testng.SuiteRunner.runSequentially(SuiteRunner.java:329)
	at org.testng.SuiteRunner.privateRun(SuiteRunner.java:291)
	at org.testng.SuiteRunner.run(SuiteRunner.java:240)
	at org.testng.SuiteRunnerWorker.runSuite(SuiteRunnerWorker.java:52)
	at org.testng.SuiteRunnerWorker.run(SuiteRunnerWorker.java:86)
	at org.testng.TestNG.runSuitesSequentially(TestNG.java:1198)
	at org.testng.TestNG.runSuitesLocally(TestNG.java:1123)
	at org.testng.TestNG.run(TestNG.java:1031)
	at org.testng.remote.AbstractRemoteTestNG.run(AbstractRemoteTestNG.java:115)
	at org.testng.remote.RemoteTestNG.initAndRun(RemoteTestNG.java:251)
	at org.testng.remote.RemoteTestNG.main(RemoteTestNG.java:77)
]]>
    </failure>
  </testcase> <!-- otherFunding_addData -->
</testsuite> <!-- tests.MyProfileTests -->
