<?xml version="1.0" encoding="UTF-8"?>
<!-- Generated by org.testng.reporters.JUnitReportReporter -->
<testsuite hostname="VivekKannapiran-Laptop1stPeople" failures="0" tests="1" name="library.restwebservices.RestAssuredClass" time="3.088" errors="0" timestamp="11 Nov 2020 06:02:24 GMT">
  <testcase classname="library.restwebservices.RestAssuredClass" name="testGetMessage" time="3.088"/>
</testsuite> <!-- library.restwebservices.RestAssuredClass -->
