<?xml version="1.0" encoding="UTF-8"?>
<!-- Generated by org.testng.reporters.JUnitReportReporter -->
<testsuite hostname="DESKTOP-NBU3CPP" failures="0" tests="1" name="tests.applicationform.apply.preprod.TestClass" time="26.878" errors="0" timestamp="20 Oct 2020 06:25:45 GMT">
  <testcase classname="tests.applicationform.apply.preprod.TestClass" name="createApplication_2020IdeasGrant" time="26.878"/>
</testsuite> <!-- tests.applicationform.apply.preprod.TestClass -->
