<?xml version="1.0" encoding="UTF-8"?>
<!-- Generated by org.testng.reporters.JUnitReportReporter -->
<testsuite hostname="DESKTOP-NBU3CPP" failures="0" tests="1" name="unittesting.TestClass" time="1.741" errors="0" timestamp="15 Oct 2020 04:42:54 GMT">
  <testcase classname="unittesting.TestClass" name="test" time="1.741"/>
</testsuite> <!-- unittesting.TestClass -->
