<?xml version="1.0" encoding="UTF-8"?>
<!-- Generated by org.testng.reporters.JUnitReportReporter -->
<testsuite hostname="VivekKannapiran-Laptop1stPeople" failures="1" tests="1" name="tests.QuickTest" time="132.555" errors="0" timestamp="11 Nov 2020 00:45:06 GMT">
  <testcase classname="tests.QuickTest" name="createApplication_2020IdeasGrant" time="132.555">
    <failure message="Cannot identify the object &quot;Web Link&quot;.
Verify that this object&#039;s properties match an object currently displayed in your application." type="com.hp.lft.sdk.ReplayObjectNotFoundException">
        <![CDATA[com.hp.lft.sdk.ReplayObjectNotFoundException: Cannot identify the object "Web Link".
Verify that this object's properties match an object currently displayed in your application.
	at com.hp.lft.sdk.internal.ReplayExceptionFactory$1.create(ReplayExceptionFactory.java:35)
	at com.hp.lft.sdk.internal.ReplayExceptionFactory.createOrDefault(ReplayExceptionFactory.java:289)
	at com.hp.lft.sdk.internal.ReplayExceptionFactory.createOrDefault(ReplayExceptionFactory.java:22)
	at com.hp.lft.sdk.internal.TestObjectExecuterBehaviorBase$ReplayErrorHandler.onError(TestObjectExecuterBehaviorBase.java:65)
	at com.hp.lft.sdk.internal.CommunicationClientImpl.handleError(CommunicationClientImpl.java:222)
	at com.hp.lft.sdk.internal.CommunicationClientImpl.send(CommunicationClientImpl.java:96)
	at com.hp.lft.sdk.internal.TestObjectExecuterBehavior.executeMethod(TestObjectExecuter.java:44)
	at com.hp.lft.sdk.internal.TestObjectBase.executeMethod(TestObjectBase.java:128)
	at com.hp.lft.sdk.internal.TestObjectBase.getRealObjectProperty(TestObjectBase.java:133)
	at com.hp.lft.sdk.internal.web.WebBaseTestObject.access$900(WebBaseTestObject.java:15)
	at com.hp.lft.sdk.internal.web.WebBaseTestObject$10.invoke(WebBaseTestObject.java:129)
	at com.hp.lft.sdk.internal.web.WebBaseTestObject$10.invoke(WebBaseTestObject.java:126)
	at com.hp.lft.sdk.internal.TestObjectOperationWrapper.executeWithEvents(TestObjectOperationWrapper.java:120)
	at com.hp.lft.sdk.internal.web.WebBaseTestObject.isVisible(WebBaseTestObject.java:132)
	at com.hp.lft.sdk.internal.web.WebElementImpl.isVisible(WebElementImpl.java:7)
	at apppages.applicationforms.pages.GrantProposalTab.enterData(GrantProposalTab.java:91)
	at tests.QuickTest.createApplication_2020IdeasGrant(QuickTest.java:59)
	at java.base/jdk.internal.reflect.NativeMethodAccessorImpl.invoke0(Native Method)
	at java.base/jdk.internal.reflect.NativeMethodAccessorImpl.invoke(NativeMethodAccessorImpl.java:62)
	at java.base/jdk.internal.reflect.DelegatingMethodAccessorImpl.invoke(DelegatingMethodAccessorImpl.java:43)
	at java.base/java.lang.reflect.Method.invoke(Method.java:564)
	at org.testng.internal.MethodInvocationHelper.invokeMethod(MethodInvocationHelper.java:80)
	at org.testng.internal.Invoker.invokeMethod(Invoker.java:714)
	at org.testng.internal.Invoker.invokeTestMethod(Invoker.java:901)
	at org.testng.internal.Invoker.invokeTestMethods(Invoker.java:1231)
	at org.testng.internal.TestMethodWorker.invokeTestMethods(TestMethodWorker.java:127)
	at org.testng.internal.TestMethodWorker.run(TestMethodWorker.java:111)
	at org.testng.TestRunner.privateRun(TestRunner.java:767)
	at org.testng.TestRunner.run(TestRunner.java:617)
	at org.testng.SuiteRunner.runTest(SuiteRunner.java:334)
	at org.testng.SuiteRunner.runSequentially(SuiteRunner.java:329)
	at org.testng.SuiteRunner.privateRun(SuiteRunner.java:291)
	at org.testng.SuiteRunner.run(SuiteRunner.java:240)
	at org.testng.SuiteRunnerWorker.runSuite(SuiteRunnerWorker.java:52)
	at org.testng.SuiteRunnerWorker.run(SuiteRunnerWorker.java:86)
	at org.testng.TestNG.runSuitesSequentially(TestNG.java:1198)
	at org.testng.TestNG.runSuitesLocally(TestNG.java:1123)
	at org.testng.TestNG.run(TestNG.java:1031)
	at org.testng.remote.AbstractRemoteTestNG.run(AbstractRemoteTestNG.java:115)
	at org.testng.remote.RemoteTestNG.initAndRun(RemoteTestNG.java:251)
	at org.testng.remote.RemoteTestNG.main(RemoteTestNG.java:77)
]]>
    </failure>
  </testcase> <!-- createApplication_2020IdeasGrant -->
</testsuite> <!-- tests.QuickTest -->
